{
  "stats": {
    "suites": 4,
    "tests": 4,
    "passes": 4,
    "pending": 0,
    "failures": 0,
    "start": "2025-08-03T00:53:12.086Z",
    "end": "2025-08-03T00:53:13.397Z",
    "duration": 1311,
    "testsRegistered": 4,
    "passPercent": 100,
    "pendingPercent": 0,
    "other": 0,
    "hasOther": false,
    "skipped": 0,
    "hasSkipped": false
  },
  "results": [
    {
      "uuid": "746749bb-4dbf-4c7c-8d41-ee24b49abe83",
      "title": "",
      "fullFile": "",
      "file": "",
      "beforeHooks": [],
      "afterHooks": [],
      "tests": [],
      "suites": [
        {
          "uuid": "9d80bdb5-e959-4901-a8e8-441fd754c07c",
          "title": "User Management - Create New User",
          "fullFile": "E:\\kumpul\\Task Sesi 11 - API Automation\\tests\\createUser.js",
          "file": "\\tests\\createUser.js",
          "beforeHooks": [],
          "afterHooks": [],
          "tests": [
            {
              "title": "should successfully create a user and return user data",
              "fullTitle": "User Management - Create New User should successfully create a user and return user data",
              "timedOut": false,
              "duration": 616,
              "state": "passed",
              "speed": "slow",
              "pass": true,
              "fail": false,
              "pending": false,
              "context": null,
              "code": "// Definisikan variable diawal test\n        const name = \"Aman swasono\";\n        const job = \"QA Automation\"\n        const response = await fetch('https://reqres.in/api/users', {\n            method: \"POST\",\n            headers: {\n                \"Content-type\": \"application/json\",\n                \"x-api-key\": \"reqres-free-v1\"\n            },\n            body: JSON.stringify({name, job}), // ambil variable \n        });\n        \n        const data = await response.json();\n        assert.strictEqual(response.status, 201, 'Expected status code 201 (Created)');\n        assert.strictEqual(data.name, name, 'Expected name to match');\n        assert.strictEqual(data.job, job, 'Expected job to match');\n        assert.ok(data.id, 'Expected respon to contain user id');\n        assert.ok(data.createdAt, 'Expected respon to contain creation timestamp');",
              "err": {},
              "uuid": "a2285ad8-5bbf-4a9f-89a4-d32a4ff44e90",
              "parentUUID": "9d80bdb5-e959-4901-a8e8-441fd754c07c",
              "isHook": false,
              "skipped": false
            }
          ],
          "suites": [],
          "passes": [
            "a2285ad8-5bbf-4a9f-89a4-d32a4ff44e90"
          ],
          "failures": [],
          "pending": [],
          "skipped": [],
          "duration": 616,
          "root": false,
          "rootEmpty": false,
          "_timeout": 2000
        },
        {
          "uuid": "448224bd-af30-4921-932d-cbdfd003ad58",
          "title": "User Management - Delete User",
          "fullFile": "E:\\kumpul\\Task Sesi 11 - API Automation\\tests\\deleteUser.js",
          "file": "\\tests\\deleteUser.js",
          "beforeHooks": [],
          "afterHooks": [],
          "tests": [
            {
              "title": "should successfully delete a user and return no content",
              "fullTitle": "User Management - Delete User should successfully delete a user and return no content",
              "timedOut": false,
              "duration": 240,
              "state": "passed",
              "speed": "slow",
              "pass": true,
              "fail": false,
              "pending": false,
              "context": null,
              "code": "const userId = 2; // ID user yang ingin dihapus\nconst response = await fetch(`https://reqres.in/api/users/${userId}`, {\n    method: \"DELETE\",\n    headers: {\n        \"x-api-key\": \"reqres-free-v1\"\n    },\n});\nassert.strictEqual(response.status, 204, 'Expected status code 204 (No Content)');",
              "err": {},
              "uuid": "d3a6c812-7a5d-4d03-8fe4-fa09ce36453d",
              "parentUUID": "448224bd-af30-4921-932d-cbdfd003ad58",
              "isHook": false,
              "skipped": false
            }
          ],
          "suites": [],
          "passes": [
            "d3a6c812-7a5d-4d03-8fe4-fa09ce36453d"
          ],
          "failures": [],
          "pending": [],
          "skipped": [],
          "duration": 240,
          "root": false,
          "rootEmpty": false,
          "_timeout": 2000
        },
        {
          "uuid": "dbc45d7c-e0a4-4c78-848b-11e6761c94a7",
          "title": "User Management - Get list Of Users",
          "fullFile": "E:\\kumpul\\Task Sesi 11 - API Automation\\tests\\getUser.js",
          "file": "\\tests\\getUser.js",
          "beforeHooks": [],
          "afterHooks": [],
          "tests": [
            {
              "title": "should return a paginated list of users for page 2",
              "fullTitle": "User Management - Get list Of Users should return a paginated list of users for page 2",
              "timedOut": false,
              "duration": 28,
              "state": "passed",
              "speed": "fast",
              "pass": true,
              "fail": false,
              "pending": false,
              "context": null,
              "code": "const response = await fetch(`https://reqres.in/api/users?page=${page}`, {\n    method: 'GET',\n    headers: {\n        'Content-Type': 'application/json',\n        'x-api-key': 'reqres-free-v1' \n    }\n});\nconst data = await response.json();\n// Assertions\nassert.strictEqual(response.status, 200, 'Expected status code 200');\nassert.strictEqual(data.page, page, `Expected to be on page ${page}`);\nassert.ok(Array.isArray(data.data), 'Expected data to be an array');\nassert.ok(data.data.length > 0, 'Expected at least one user in the list');",
              "err": {},
              "uuid": "c9992732-2aac-4b6f-a743-c6b462d60fd4",
              "parentUUID": "dbc45d7c-e0a4-4c78-848b-11e6761c94a7",
              "isHook": false,
              "skipped": false
            }
          ],
          "suites": [],
          "passes": [
            "c9992732-2aac-4b6f-a743-c6b462d60fd4"
          ],
          "failures": [],
          "pending": [],
          "skipped": [],
          "duration": 28,
          "root": false,
          "rootEmpty": false,
          "_timeout": 2000
        },
        {
          "uuid": "54acab2b-3a1f-42b5-90d4-e61524970d5d",
          "title": "User Management - Update Existing User",
          "fullFile": "E:\\kumpul\\Task Sesi 11 - API Automation\\tests\\updateUser.js",
          "file": "\\tests\\updateUser.js",
          "beforeHooks": [],
          "afterHooks": [],
          "tests": [
            {
              "title": "should successfully update a user and return updated data",
              "fullTitle": "User Management - Update Existing User should successfully update a user and return updated data",
              "timedOut": false,
              "duration": 416,
              "state": "passed",
              "speed": "slow",
              "pass": true,
              "fail": false,
              "pending": false,
              "context": null,
              "code": "const userId = 2; // ID user yang ingin diupdate\nconst updatedName = \"Aman Swasono Updated\";\nconst updatedJob = \"Senior QA Engineer\";\nconst response = await fetch(`https://reqres.in/api/users/${userId}`, {\n    method: \"PUT\",\n    headers: {\n        \"Content-Type\": \"application/json\",\n        \"x-api-key\": \"reqres-free-v1\"\n    },\n    body: JSON.stringify({ name: updatedName, job: updatedJob }),\n});\nconst data = await response.json();\nassert.strictEqual(response.status, 200, 'Expected status code 200 (OK)');\nassert.strictEqual(data.name, updatedName, 'Expected updated name to match');\nassert.strictEqual(data.job, updatedJob, 'Expected updated job to match');\nassert.ok(data.updatedAt, 'Expected response to contain updated timestamp');",
              "err": {},
              "uuid": "6ef51cb4-86f7-4b70-ac06-b42e27cc73f6",
              "parentUUID": "54acab2b-3a1f-42b5-90d4-e61524970d5d",
              "isHook": false,
              "skipped": false
            }
          ],
          "suites": [],
          "passes": [
            "6ef51cb4-86f7-4b70-ac06-b42e27cc73f6"
          ],
          "failures": [],
          "pending": [],
          "skipped": [],
          "duration": 416,
          "root": false,
          "rootEmpty": false,
          "_timeout": 2000
        }
      ],
      "passes": [],
      "failures": [],
      "pending": [],
      "skipped": [],
      "duration": 0,
      "root": true,
      "rootEmpty": true,
      "_timeout": 2000
    }
  ],
  "meta": {
    "mocha": {
      "version": "11.7.1"
    },
    "mochawesome": {
      "options": {
        "quiet": false,
        "reportFilename": "mochawesome",
        "saveHtml": true,
        "saveJson": true,
        "consoleReporter": "spec",
        "useInlineDiffs": false,
        "code": true
      },
      "version": "7.1.3"
    },
    "marge": {
      "options": null,
      "version": "6.2.0"
    }
  }
}